[INFO ] 2024-07-27 00:19:37.366 [main] CasStore - Url opened
[INFO ] 2024-07-27 00:19:37.989 [main] CasStore - *************** TestCase Verify Index page SignIn Button Starts *****************
[INFO ] 2024-07-27 00:19:38.005 [main] CasStore - Clicked on signin button
[INFO ] 2024-07-27 00:19:38.791 [main] CasStore - *************** TestCase Verify Index page SignIn Button Ends *****************
[INFO ] 2024-07-27 00:19:38.806 [main] CasStore - *************** TestCase Verify SignIn Starts *****************
[INFO ] 2024-07-27 00:19:38.811 [main] CasStore - Entered registered email address
[INFO ] 2024-07-27 00:19:38.873 [main] CasStore - Entered registered password
[INFO ] 2024-07-27 00:19:38.899 [main] CasStore - Clicked on signin button
[INFO ] 2024-07-27 00:19:40.113 [main] CasStore - *************** TestCase Verify SignIn Ends *****************
[INFO ] 2024-07-27 00:19:40.114 [main] CasStore - *************** TestCase Verify Search Product Starts *****************
[INFO ] 2024-07-27 00:19:40.116 [main] CasStore - Entered Search Item
[INFO ] 2024-07-27 00:19:40.194 [main] CasStore - Clicked Search Product Button
[INFO ] 2024-07-27 00:19:41.913 [main] CasStore - Searched Item: Found
[INFO ] 2024-07-27 00:19:41.914 [main] CasStore - *************** TestCase Verify Search Product Ends *****************
[INFO ] 2024-07-27 00:19:41.915 [main] CasStore - *************** TestCase Verify Buy Product Starts *****************
[INFO ] 2024-07-27 00:19:41.917 [main] CasStore - Clicked on item
[INFO ] 2024-07-27 00:19:43.001 [main] CasStore - Selected large size
[INFO ] 2024-07-27 00:19:43.069 [main] CasStore - Quantity increased
[INFO ] 2024-07-27 00:19:43.095 [main] CasStore - Clicked on Add to cart
[INFO ] 2024-07-27 00:19:43.873 [main] CasStore - Clicked on Proceed to checkout
[INFO ] 2024-07-27 00:19:44.670 [main] CasStore - Clicked on Proceed to checkout summary
[INFO ] 2024-07-27 00:19:45.681 [main] CasStore - Default: Fisrt name & Last name
[INFO ] 2024-07-27 00:19:45.681 [main] CasStore - Entered company
[INFO ] 2024-07-27 00:19:45.713 [main] CasStore - Entered address1
[INFO ] 2024-07-27 00:19:45.742 [main] CasStore - Entered address2
[INFO ] 2024-07-27 00:19:45.761 [main] CasStore - Entered city
[INFO ] 2024-07-27 00:19:45.781 [main] CasStore - Selected state
[INFO ] 2024-07-27 00:19:46.039 [main] CasStore - Entered postal code
[INFO ] 2024-07-27 00:19:46.055 [main] CasStore - Selected country
[INFO ] 2024-07-27 00:19:46.091 [main] CasStore - Entered phone number
[INFO ] 2024-07-27 00:19:46.111 [main] CasStore - Entered mobile number
[INFO ] 2024-07-27 00:19:46.131 [main] CasStore - Entered additional information
[INFO ] 2024-07-27 00:19:46.156 [main] CasStore - Clicked on save button
[INFO ] 2024-07-27 00:19:47.546 [main] CasStore - Clicked on Proceed to checkout address
[INFO ] 2024-07-27 00:19:48.418 [main] CasStore - Clicked on Agree terms checkbox
[INFO ] 2024-07-27 00:19:48.648 [main] CasStore - Clicked on Proceed to checkout shipping
[INFO ] 2024-07-27 00:19:49.486 [main] CasStore - Clicked on Pay by Check
[INFO ] 2024-07-27 00:19:50.057 [main] CasStore - Clicked on Confirm my order
[INFO ] 2024-07-27 00:19:51.390 [main] CasStore - Checked order success message
[INFO ] 2024-07-27 00:19:51.405 [main] CasStore - Order is complete
[INFO ] 2024-07-27 00:19:51.405 [main] CasStore - *************** TestCase Verify Buy Product Ends *****************
